env: load .env
env: export EXPO_PUBLIC_FIREBASE_API_KEY EXPO_PUBLIC_FIREBASE_APP_ID EXPO_PUBLIC_FIREBASE_AUTH_DOMAIN EXPO_PUBLIC_FIREBASE_DATABASE_URL EXPO_PUBLIC_FIREBASE_MEASUREMENT_ID EXPO_PUBLIC_FIREBASE_MESSAGING_SENDER_ID EXPO_PUBLIC_FIREBASE_PROJECT_ID EXPO_PUBLIC_FIREBASE_STORAGE_BUCKET
Starting project at C:\wamp64\www\Assessment-4-MAD
◇ injected env (0) from .env // tip: ⌘ custom filepath { path: '/custom/path/.env' }
Starting Metro Bundler

warning: Bundler cache is empty, rebuilding (this may take a minute)
Waiting on http://localhost:8081
Logs for your project will appear below.
Android node_modules\expo\AppEntry.js ░░░░░░░░░░░░░░░░  0.0% (0/1)
Android node_modules\expo\AppEntry.js ░░░░░░░░░░░░░░░░  1.0% (1/1)
Android node_modules\expo\AppEntry.js ▓▓▓▓░░░░░░░░░░░░ 28.0% (17/56)
Android node_modules\expo\AppEntry.js ▓▓▓▓░░░░░░░░░░░░ 28.0% (29/64)
Android node_modules\expo\AppEntry.js ▓▓▓▓▓▓░░░░░░░░░░ 40.8% (49/77)
Android node_modules\expo\AppEntry.js ▓▓▓▓▓▓▓░░░░░░░░░ 45.4% (64/95)
Android node_modules\expo\AppEntry.js ▓▓▓▓▓▓▓░░░░░░░░░ 45.7% (112/241)
Android node_modules\expo\AppEntry.js ▓▓▓▓▓▓▓░░░░░░░░░ 45.7% (173/324)
Android node_modules\expo\AppEntry.js ▓▓▓▓▓▓▓░░░░░░░░░ 45.7% (218/467)
Android node_modules\expo\AppEntry.js ▓▓▓▓▓▓▓░░░░░░░░░ 45.7% (306/553)
Android node_modules\expo\AppEntry.js ▓▓▓▓▓▓▓░░░░░░░░░ 45.7% (402/631)
Android node_modules\expo\AppEntry.js ▓▓▓▓▓▓▓░░░░░░░░░ 46.3% (511/839)
Android node_modules\expo\AppEntry.js ▓▓▓▓▓▓▓░░░░░░░░░ 46.3% ( 636/1130)
Android node_modules\expo\AppEntry.js ▓▓▓▓▓▓▓░░░░░░░░░ 46.3% ( 818/1360)
Android node_modules\expo\AppEntry.js ▓▓▓▓▓▓▓▓▓▓░░░░░░ 62.5% (1099/1390)
Android node_modules\expo\AppEntry.js ▓▓▓▓▓▓▓▓▓▓▓░░░░░ 71.7% (1242/1540)
Android node_modules\expo\AppEntry.js ▓▓▓▓▓▓▓▓▓▓▓░░░░░ 74.5% (1396/1645)
Android node_modules\expo\AppEntry.js ▓▓▓▓▓▓▓▓▓▓▓▓░░░░ 78.6% (1492/1683)
Android node_modules\expo\AppEntry.js ▓▓▓▓▓▓▓▓▓▓▓▓▓░░░ 82.2% (1609/1775)
Android node_modules\expo\AppEntry.js ▓▓▓▓▓▓▓▓▓▓▓▓▓░░░ 85.7% (1674/1808)
Android node_modules\expo\AppEntry.js ▓▓▓▓▓▓▓▓▓▓▓▓▓▓▓░ 94.2% (1875/1932)
Android node_modules\expo\AppEntry.js ▓▓▓▓▓▓▓▓▓▓▓▓▓▓▓░ 99.8% (2057/2059)
Android node_modules\expo\AppEntry.js ▓▓▓▓▓▓▓▓▓▓▓▓▓▓▓░ 99.9% (2058/2059)
Android node_modules\expo\AppEntry.js ▓▓▓▓▓▓▓▓▓▓▓▓▓▓▓░ 99.9% (2068/2068)
Android Bundled 86318ms node_modules\expo\AppEntry.js (2068 modules)
Android node_modules\expo\AppEntry.js ░░░░░░░░░░░░░░░░  0.0% (0/1)
Android Bundled 472ms node_modules\expo\AppEntry.js (1 module)
